12 Dec 2010 21:45:59,528 INFO  [main] smartfoxserver.v2.SmartFoxServer     - Boot sequence starts...
12 Dec 2010 21:45:59,537 INFO  [main] smartfoxserver.v2.SmartFoxServer     - 
 _____ _____ _____    ___ __ __    _____ _____ _____ _____ 
|   __|   __|   __|  |_  |  |  |  | __  |     |     |_   _|
|__   |   __|__   |  |  _|-   -|  | __ -|  |  |  |  | | |  
|_____|__|  |_____|  |___|__|__|  |_____|_____|_____| |_|

12 Dec 2010 21:45:59,545 INFO  [Thread-0] entities.managers.SFSZoneManager     - BuddyList saveAll...
12 Dec 2010 21:46:01,289 INFO  [main] smartfoxserver.v2.SmartFoxServer     - Boot sequence starts...
12 Dec 2010 21:46:01,297 INFO  [main] smartfoxserver.v2.SmartFoxServer     - 
 _____ _____ _____    ___ __ __    _____ _____ _____ _____ 
|   __|   __|   __|  |_  |  |  |  | __  |     |     |_   _|
|__   |   __|__   |  |  _|-   -|  | __ -|  |  |  |  | | |  
|_____|__|  |_____|  |___|__|__|  |_____|_____|_____| |_|

12 Dec 2010 21:46:01,304 INFO  [Thread-0] entities.managers.SFSZoneManager     - BuddyList saveAll...
12 Dec 2010 21:46:06,517 INFO  [main] smartfoxserver.v2.SmartFoxServer     - Boot sequence starts...
12 Dec 2010 21:46:06,525 INFO  [main] smartfoxserver.v2.SmartFoxServer     - 
 _____ _____ _____    ___ __ __    _____ _____ _____ _____ 
|   __|   __|   __|  |_  |  |  |  | __  |     |     |_   _|
|__   |   __|__   |  |  _|-   -|  | __ -|  |  |  |  | | |  
|_____|__|  |_____|  |___|__|__|  |_____|_____|_____| |_|

12 Dec 2010 21:46:06,532 INFO  [Thread-0] entities.managers.SFSZoneManager     - BuddyList saveAll...
12 Dec 2010 21:46:19,990 INFO  [main] smartfoxserver.v2.SmartFoxServer     - Boot sequence starts...
12 Dec 2010 21:46:19,998 INFO  [main] smartfoxserver.v2.SmartFoxServer     - 
 _____ _____ _____    ___ __ __    _____ _____ _____ _____ 
|   __|   __|   __|  |_  |  |  |  | __  |     |     |_   _|
|__   |   __|__   |  |  _|-   -|  | __ -|  |  |  |  | | |  
|_____|__|  |_____|  |___|__|__|  |_____|_____|_____| |_|

12 Dec 2010 21:46:20,005 INFO  [Thread-0] entities.managers.SFSZoneManager     - BuddyList saveAll...
12 Dec 2010 21:46:42,103 INFO  [main] smartfoxserver.v2.SmartFoxServer     - Boot sequence starts...
12 Dec 2010 21:46:42,111 INFO  [main] smartfoxserver.v2.SmartFoxServer     - 
 _____ _____ _____    ___ __ __    _____ _____ _____ _____ 
|   __|   __|   __|  |_  |  |  |  | __  |     |     |_   _|
|__   |   __|__   |  |  _|-   -|  | __ -|  |  |  |  | | |  
|_____|__|  |_____|  |___|__|__|  |_____|_____|_____| |_|

12 Dec 2010 21:46:42,123 INFO  [Thread-0] entities.managers.SFSZoneManager     - BuddyList saveAll...
12 Dec 2010 21:48:34,649 INFO  [main] smartfoxserver.v2.SmartFoxServer     - Boot sequence starts...
12 Dec 2010 21:48:34,657 INFO  [main] smartfoxserver.v2.SmartFoxServer     - 
 _____ _____ _____    ___ __ __    _____ _____ _____ _____ 
|   __|   __|   __|  |_  |  |  |  | __  |     |     |_   _|
|__   |   __|__   |  |  _|-   -|  | __ -|  |  |  |  | | |  
|_____|__|  |_____|  |___|__|__|  |_____|_____|_____| |_|

12 Dec 2010 21:48:34,996 INFO  [main] smartfoxserver.v2.SmartFoxServer     - License code not found, starting Community Edition license
12 Dec 2010 21:48:34,997 INFO  [main] v2.core.SFSEventManager     - AnonymousService-1 initalized
12 Dec 2010 21:48:35,167 INFO  [main] vfs.impl.DefaultFileReplicator     - Using "C:\Users\ben\AppData\Local\Temp\vfs_cache" as temporary files store.
12 Dec 2010 21:48:35,270 INFO  [main] smartfoxserver.v2.SmartFoxServer     - License loaded

===================================
LICENSE DETAILS
-----------------------------------
Type            : Community Edition
Max users       : 100
===================================

12 Dec 2010 21:48:35,525 INFO  [main] entities.managers.SFSBannedUserStorage     - BanUserStorage initialized
12 Dec 2010 21:48:35,552 INFO  [main] entities.managers.SFSBannedUserManager     - BanUser data loaded: 0 records.
12 Dec 2010 21:48:35,591 INFO  [main] v2.config.SFSConfigurator     - Loading: zones\GameLobby.zone.xml
12 Dec 2010 21:48:35,629 INFO  [main] v2.config.SFSConfigurator     - Loading: zones\SimpleChat.zone.xml
12 Dec 2010 21:48:35,660 INFO  [main] entities.managers.SFSZoneManager     - 

::::::::::::::::::::::::::::::::::::::::::::::::::::::::::::::::::::::::::::::
 >> Zone: GameLobby 
::::::::::::::::::::::::::::::::::::::::::::::::::::::::::::::::::::::::::::::

12 Dec 2010 21:48:35,701 INFO  [main] entities.managers.SFSZoneManager     - Creating room: (default) The Lobby
12 Dec 2010 21:48:35,722 INFO  [main] v2.api.SFSApi     - Room created: [ Room: The Lobby, Id: 0, Group: default, isGame: false ]
12 Dec 2010 21:48:35,777 INFO  [main] entities.managers.SFSZoneManager     - 

::::::::::::::::::::::::::::::::::::::::::::::::::::::::::::::::::::::::::::::
 >> Zone: SimpleChat 
::::::::::::::::::::::::::::::::::::::::::::::::::::::::::::::::::::::::::::::

12 Dec 2010 21:48:35,780 INFO  [main] entities.managers.SFSZoneManager     - Creating room: (default) The Lobby
12 Dec 2010 21:48:35,782 INFO  [main] v2.api.SFSApi     - Room created: [ Room: The Lobby, Id: 1, Group: default, isGame: false ]
12 Dec 2010 21:48:35,811 INFO  [main] v2.api.SFSApi     - Room created: [ Room: AdminRoom, Id: 2, Group: default, isGame: false ]
12 Dec 2010 21:48:35,827 INFO  [main] v2.core.AdminToolService     - AdminTool Service started
12 Dec 2010 21:48:39,524 INFO  [main] v2.http.SFSHttpServer     - Http Server started.
12 Dec 2010 21:48:39,560 INFO  [main] smartfoxserver.v2.SmartFoxServer     - Listening Sockets: { 127.0.0.1:9933, (Tcp) } 
12 Dec 2010 21:48:39,561 INFO  [main] smartfoxserver.v2.SmartFoxServer     -  
 _____ _____ _____    ___ __ __ 
|   __|   __|   __|  |_  |  |  |
|__   |   __|__   |  |  _|-   -|
|_____|__|  |_____|  |___|__|__|                                         
 _____ _____ _____ ____  __ __ 
| __  |   __|  _  |    \|  |  |
|    -|   __|     |  |  |_   _|
|__|__|_____|__|__|____/  |_|  
[ 2.0.0-RC1a ] 

12 Dec 2010 21:48:39,562 INFO  [main] smartfoxserver.v2.SmartFoxServer     - SmartFoxServer 2X (2.0.0-RC1a) READY!
